[0m12:41:53.409103 [debug] [MainThread]: Sending event: {'category': 'dbt', 'action': 'invocation', 'label': 'start', 'context': [<snowplow_tracker.self_describing_json.SelfDescribingJson object at 0x0000023BB33B3DA0>, <snowplow_tracker.self_describing_json.SelfDescribingJson object at 0x0000023BB2BCA900>, <snowplow_tracker.self_describing_json.SelfDescribingJson object at 0x0000023BB2BC8B30>]}


============================== 12:41:53.416113 | a3aa25c3-9225-454c-995b-d66f077c802a ==============================
[0m12:41:53.416113 [info ] [MainThread]: Running with dbt=1.9.6
[0m12:41:53.417116 [debug] [MainThread]: running dbt with arguments {'printer_width': '80', 'indirect_selection': 'eager', 'write_json': 'True', 'log_cache_events': 'False', 'partial_parse': 'True', 'cache_selected_only': 'False', 'profiles_dir': 'C:\\Users\\braah\\.dbt', 'version_check': 'True', 'warn_error': 'None', 'log_path': 'logs', 'fail_fast': 'False', 'debug': 'False', 'use_colors': 'True', 'use_experimental_parser': 'False', 'no_print': 'None', 'quiet': 'False', 'empty': 'None', 'warn_error_options': 'WarnErrorOptions(include=[], exclude=[])', 'invocation_command': 'dbt init', 'log_format': 'default', 'static_parser': 'True', 'target_path': 'None', 'introspect': 'True', 'send_anonymous_usage_stats': 'True'}
[0m12:41:53.448718 [warn ] [MainThread]: [ConfigFolderDirectory]: Unable to parse logging event dictionary. Failed to parse dir field: expected string or bytes-like object, got 'WindowsPath'.. Dictionary: {'dir': WindowsPath('C:/Users/braah/.dbt')}
[0m12:41:53.449774 [info ] [MainThread]: Creating dbt configuration folder at 
[0m12:42:03.911047 [debug] [MainThread]: Starter project path: C:\Users\braah\OneDrive\Desktop\exo_hzm\.venv\Lib\site-packages\dbt\include\starter_project
[0m12:42:03.948419 [info ] [MainThread]: 
Your new dbt project "veepe_ads" was created!

For more information on how to configure the profiles.yml file,
please consult the dbt documentation here:

  https://docs.getdbt.com/docs/configure-your-profile

One more thing:

Need help? Don't hesitate to reach out to us via GitHub issues or on Slack:

  https://community.getdbt.com/

Happy modeling!

[0m12:42:03.950418 [info ] [MainThread]: Setting up your profile.
[0m12:42:42.158432 [info ] [MainThread]: Profile veepe_ads written to C:\Users\braah\.dbt\profiles.yml using target's sample configuration. Once updated, you'll be able to start developing with dbt.
[0m12:42:42.160384 [debug] [MainThread]: Command `dbt init` succeeded at 12:42:42.160384 after 48.89 seconds
[0m12:42:42.161382 [debug] [MainThread]: Sending event: {'category': 'dbt', 'action': 'invocation', 'label': 'end', 'context': [<snowplow_tracker.self_describing_json.SelfDescribingJson object at 0x0000023BB3218E30>, <snowplow_tracker.self_describing_json.SelfDescribingJson object at 0x0000023BB28E6060>, <snowplow_tracker.self_describing_json.SelfDescribingJson object at 0x0000023BB34F8290>]}
[0m12:42:42.161382 [debug] [MainThread]: Flushing usage events
[0m12:42:42.593400 [debug] [MainThread]: An error was encountered while trying to flush usage events
[0m12:43:23.138358 [debug] [MainThread]: Sending event: {'category': 'dbt', 'action': 'invocation', 'label': 'start', 'context': [<snowplow_tracker.self_describing_json.SelfDescribingJson object at 0x0000022A50505CA0>, <snowplow_tracker.self_describing_json.SelfDescribingJson object at 0x0000022A50505130>, <snowplow_tracker.self_describing_json.SelfDescribingJson object at 0x0000022A50504F50>]}


============================== 12:43:23.144039 | 8cbff6d2-87aa-4771-8c76-a0c8b128ed05 ==============================
[0m12:43:23.144039 [info ] [MainThread]: Running with dbt=1.9.6
[0m12:43:23.145029 [debug] [MainThread]: running dbt with arguments {'printer_width': '80', 'indirect_selection': 'eager', 'log_cache_events': 'False', 'write_json': 'True', 'partial_parse': 'True', 'cache_selected_only': 'False', 'profiles_dir': 'C:\\Users\\braah\\.dbt', 'debug': 'False', 'fail_fast': 'False', 'log_path': 'logs', 'warn_error': 'None', 'version_check': 'True', 'use_colors': 'True', 'use_experimental_parser': 'False', 'empty': 'False', 'quiet': 'False', 'no_print': 'None', 'warn_error_options': 'WarnErrorOptions(include=[], exclude=[])', 'introspect': 'True', 'invocation_command': 'dbt run', 'static_parser': 'True', 'target_path': 'None', 'log_format': 'default', 'send_anonymous_usage_stats': 'True'}
[0m12:43:23.146025 [error] [MainThread]: Encountered an error:
Runtime Error
  No dbt_project.yml found at expected path C:\Users\braah\OneDrive\Desktop\exo_hzm\veepee_ads_dbt\dbt_project.yml
  Verify that each entry within packages.yml (and their transitive dependencies) contains a file named dbt_project.yml
  
[0m12:43:23.148030 [debug] [MainThread]: Command `dbt run` failed at 12:43:23.148030 after 0.15 seconds
[0m12:43:23.149028 [debug] [MainThread]: Sending event: {'category': 'dbt', 'action': 'invocation', 'label': 'end', 'context': [<snowplow_tracker.self_describing_json.SelfDescribingJson object at 0x0000022A5015EC00>, <snowplow_tracker.self_describing_json.SelfDescribingJson object at 0x0000022A500A1D30>, <snowplow_tracker.self_describing_json.SelfDescribingJson object at 0x0000022A4D06A540>]}
[0m12:43:23.149028 [debug] [MainThread]: Flushing usage events
[0m12:43:23.567075 [debug] [MainThread]: An error was encountered while trying to flush usage events
